set -o pipefail; /usr/bin/mariadb-dump --user=kindergarten_db --host=127.0.0.1 --port=3306 --password=********** --single-transaction --quick --lock-tables=false kindergarten_db | /usr/bin/gzip >> ./kindergarten.localhost/private/backups/20260107_180002-kindergarten_localhost-database.sql.gz

Backup Summary for kindergarten.localhost at 2026-01-07 18:00:03.644309
Config  : ./kindergarten.localhost/private/backups/20260107_180002-kindergarten_localhost-site_config_backup.json 92.0B
Database: ./kindergarten.localhost/private/backups/20260107_180002-kindergarten_localhost-database.sql.gz         881.1KiB
Backup for Site kindergarten.localhost has been successfully completed
set -o pipefail; /usr/bin/mariadb-dump --user=kindergarten_db --host=127.0.0.1 --port=3306 --password=********** --single-transaction --quick --lock-tables=false kindergarten_db | /usr/bin/gzip >> ./kindergarten.localhost/private/backups/20260108_060002-kindergarten_localhost-database.sql.gz

Backup Summary for kindergarten.localhost at 2026-01-08 06:00:03.397005
Config  : ./kindergarten.localhost/private/backups/20260108_060002-kindergarten_localhost-site_config_backup.json 92.0B
Database: ./kindergarten.localhost/private/backups/20260108_060002-kindergarten_localhost-database.sql.gz         881.1KiB
Backup for Site kindergarten.localhost has been successfully completed
set -o pipefail; /usr/bin/mariadb-dump --user=kindergarten_db --host=127.0.0.1 --port=3306 --password=********** --single-transaction --quick --lock-tables=false kindergarten_db | /usr/bin/gzip >> ./kindergarten.localhost/private/backups/20260109_120001-kindergarten_localhost-database.sql.gz

Backup Summary for kindergarten.localhost at 2026-01-09 12:00:02.800938
Config  : ./kindergarten.localhost/private/backups/20260109_120001-kindergarten_localhost-site_config_backup.json 92.0B
Database: ./kindergarten.localhost/private/backups/20260109_120001-kindergarten_localhost-database.sql.gz         893.2KiB
Backup for Site kindergarten.localhost has been successfully completed
set -o pipefail; /usr/bin/mariadb-dump --user=kindergarten_db --host=127.0.0.1 --port=3306 --password=********** --single-transaction --quick --lock-tables=false kindergarten_db | /usr/bin/gzip >> ./kindergarten.localhost/private/backups/20260109_180002-kindergarten_localhost-database.sql.gz

Backup Summary for kindergarten.localhost at 2026-01-09 18:00:03.250518
Config  : ./kindergarten.localhost/private/backups/20260109_180002-kindergarten_localhost-site_config_backup.json 92.0B
Database: ./kindergarten.localhost/private/backups/20260109_180002-kindergarten_localhost-database.sql.gz         893.2KiB
Backup for Site kindergarten.localhost has been successfully completed
set -o pipefail; /usr/bin/mariadb-dump --user=kindergarten_db --host=127.0.0.1 --port=3306 --password=********** --single-transaction --quick --lock-tables=false kindergarten_db | /usr/bin/gzip >> ./kindergarten.localhost/private/backups/20260110_120002-kindergarten_localhost-database.sql.gz

Backup Summary for kindergarten.localhost at 2026-01-10 12:00:04.132101
Config  : ./kindergarten.localhost/private/backups/20260110_120002-kindergarten_localhost-site_config_backup.json 92.0B
Database: ./kindergarten.localhost/private/backups/20260110_120002-kindergarten_localhost-database.sql.gz         869.7KiB
Backup for Site kindergarten.localhost has been successfully completed
set -o pipefail; /usr/bin/mariadb-dump --user=kindergarten_db --host=127.0.0.1 --port=3306 --password=********** --single-transaction --quick --lock-tables=false kindergarten_db | /usr/bin/gzip >> ./kindergarten.localhost/private/backups/20260111_000002-kindergarten_localhost-database.sql.gz

Backup Summary for kindergarten.localhost at 2026-01-11 00:00:03.324388
Config  : ./kindergarten.localhost/private/backups/20260111_000002-kindergarten_localhost-site_config_backup.json 92.0B
Database: ./kindergarten.localhost/private/backups/20260111_000002-kindergarten_localhost-database.sql.gz         867.1KiB
Backup for Site kindergarten.localhost has been successfully completed
set -o pipefail; /usr/bin/mariadb-dump --user=kindergarten_db --host=127.0.0.1 --port=3306 --password=********** --single-transaction --quick --lock-tables=false kindergarten_db | /usr/bin/gzip >> ./kindergarten.localhost/private/backups/20260111_060002-kindergarten_localhost-database.sql.gz

Backup Summary for kindergarten.localhost at 2026-01-11 06:00:02.863941
Config  : ./kindergarten.localhost/private/backups/20260111_060002-kindergarten_localhost-site_config_backup.json 92.0B
Database: ./kindergarten.localhost/private/backups/20260111_060002-kindergarten_localhost-database.sql.gz         867.1KiB
Backup for Site kindergarten.localhost has been successfully completed
set -o pipefail; /usr/bin/mariadb-dump --user=kindergarten_db --host=127.0.0.1 --port=3306 --password=********** --single-transaction --quick --lock-tables=false kindergarten_db | /usr/bin/gzip >> ./kindergarten.localhost/private/backups/20260113_120001-kindergarten_localhost-database.sql.gz

Backup Summary for kindergarten.localhost at 2026-01-13 12:00:03.013150
Config  : ./kindergarten.localhost/private/backups/20260113_120001-kindergarten_localhost-site_config_backup.json 92.0B
Database: ./kindergarten.localhost/private/backups/20260113_120001-kindergarten_localhost-database.sql.gz         895.4KiB
Backup for Site kindergarten.localhost has been successfully completed
